2025-11-09 19:01:27 0 [Note] Starting MariaDB 10.4.32-MariaDB source revision c4143f909528e3fab0677a28631d10389354c491 as process 6904
2025-11-09 19:01:28 0 [Note] InnoDB: Mutexes and rw_locks use Windows interlocked functions
2025-11-09 19:01:28 0 [Note] InnoDB: Uses event mutexes
2025-11-09 19:01:28 0 [Note] InnoDB: Compressed tables use zlib 1.3
2025-11-09 19:01:28 0 [Note] InnoDB: Number of pools: 1
2025-11-09 19:01:28 0 [Note] InnoDB: Using SSE2 crc32 instructions
2025-11-09 19:01:28 0 [Note] InnoDB: Initializing buffer pool, total size = 16M, instances = 1, chunk size = 16M
2025-11-09 19:01:28 0 [Note] InnoDB: Completed initialization of buffer pool
2025-11-09 19:01:29 0 [Note] InnoDB: Starting crash recovery from checkpoint LSN=300288
2025-11-09 19:01:32 0 [Note] InnoDB: 128 out of 128 rollback segments are active.
2025-11-09 19:01:32 0 [Note] InnoDB: Removed temporary tablespace data file: "ibtmp1"
2025-11-09 19:01:32 0 [Note] InnoDB: Creating shared tablespace for temporary tables
2025-11-09 19:01:32 0 [Note] InnoDB: Setting file 'E:\xampp\mysql\data\ibtmp1' size to 12 MB. Physically writing the file full; Please wait ...
2025-11-09 19:01:32 0 [Note] InnoDB: File 'E:\xampp\mysql\data\ibtmp1' size is now 12 MB.
2025-11-09 19:01:32 0 [Note] InnoDB: Waiting for purge to start
2025-11-09 19:01:32 0 [Note] InnoDB: Waiting for purge to start
2025-11-09 19:01:32 0 [Note] InnoDB: Waiting for purge to start
2025-11-09 19:01:32 0 [Note] InnoDB: 10.4.32 started; log sequence number 300297; transaction id 170
2025-11-09 19:01:32 0 [Note] InnoDB: Loading buffer pool(s) from E:\xampp\mysql\data\ib_buffer_pool
2025-11-09 19:01:32 0 [Note] Plugin 'FEEDBACK' is disabled.
2025-11-09 19:01:33 0 [Note] InnoDB: Buffer pool(s) load completed at 251109 19:01:33
2025-11-09 19:01:33 0 [Note] Server socket created on IP: '::'.
2025-11-09 19:01:33 0 [ERROR] Can't start server: Bind on TCP/IP port. Got error: 10048: Only one usage of each socket address (protocol/network address/port) is normally permitted.

2025-11-09 19:01:33 0 [ERROR] Do you already have another mysqld server running on port: 3306 ?
2025-11-09 19:01:33 0 [ERROR] Aborting
2025-11-09 19:02:41 0 [Note] Starting MariaDB 10.4.32-MariaDB source revision c4143f909528e3fab0677a28631d10389354c491 as process 10884
2025-11-09 19:02:41 0 [Note] InnoDB: Mutexes and rw_locks use Windows interlocked functions
2025-11-09 19:02:41 0 [Note] InnoDB: Uses event mutexes
2025-11-09 19:02:41 0 [Note] InnoDB: Compressed tables use zlib 1.3
2025-11-09 19:02:41 0 [Note] InnoDB: Number of pools: 1
2025-11-09 19:02:41 0 [Note] InnoDB: Using SSE2 crc32 instructions
2025-11-09 19:02:41 0 [Note] InnoDB: Initializing buffer pool, total size = 16M, instances = 1, chunk size = 16M
2025-11-09 19:02:41 0 [Note] InnoDB: Completed initialization of buffer pool
2025-11-09 19:02:41 0 [Note] InnoDB: 128 out of 128 rollback segments are active.
2025-11-09 19:02:41 0 [Note] InnoDB: Creating shared tablespace for temporary tables
2025-11-09 19:02:41 0 [Note] InnoDB: Setting file 'E:\xampp\mysql\data\ibtmp1' size to 12 MB. Physically writing the file full; Please wait ...
2025-11-09 19:02:41 0 [Note] InnoDB: File 'E:\xampp\mysql\data\ibtmp1' size is now 12 MB.
2025-11-09 19:02:41 0 [Note] InnoDB: Waiting for purge to start
2025-11-09 19:02:41 0 [Note] InnoDB: 10.4.32 started; log sequence number 300315; transaction id 170
2025-11-09 19:02:41 0 [Note] InnoDB: Loading buffer pool(s) from E:\xampp\mysql\data\ib_buffer_pool
2025-11-09 19:02:41 0 [Note] Plugin 'FEEDBACK' is disabled.
2025-11-09 19:02:41 0 [Note] Server socket created on IP: '::'.
2025-11-10 23:00:42 0 [Note] Starting MariaDB 10.4.32-MariaDB source revision c4143f909528e3fab0677a28631d10389354c491 as process 12344
2025-11-10 23:00:42 0 [Note] InnoDB: Mutexes and rw_locks use Windows interlocked functions
2025-11-10 23:00:42 0 [Note] InnoDB: Uses event mutexes
2025-11-10 23:00:42 0 [Note] InnoDB: Compressed tables use zlib 1.3
2025-11-10 23:00:43 0 [Note] InnoDB: Number of pools: 1
2025-11-10 23:00:43 0 [Note] InnoDB: Using SSE2 crc32 instructions
2025-11-10 23:00:43 0 [Note] InnoDB: Initializing buffer pool, total size = 16M, instances = 1, chunk size = 16M
2025-11-10 23:00:43 0 [Note] InnoDB: Completed initialization of buffer pool
2025-11-10 23:00:44 0 [Note] InnoDB: Starting crash recovery from checkpoint LSN=435531
2025-11-10 23:00:47 0 [Note] InnoDB: 128 out of 128 rollback segments are active.
2025-11-10 23:00:47 0 [Note] InnoDB: Removed temporary tablespace data file: "ibtmp1"
2025-11-10 23:00:47 0 [Note] InnoDB: Creating shared tablespace for temporary tables
2025-11-10 23:00:47 0 [Note] InnoDB: Setting file 'E:\xampp\mysql\data\ibtmp1' size to 12 MB. Physically writing the file full; Please wait ...
2025-11-10 23:00:47 0 [Note] InnoDB: File 'E:\xampp\mysql\data\ibtmp1' size is now 12 MB.
2025-11-10 23:00:47 0 [Note] InnoDB: Waiting for purge to start
2025-11-10 23:00:48 0 [Note] InnoDB: Waiting for purge to start
2025-11-10 23:00:48 0 [Note] InnoDB: 10.4.32 started; log sequence number 435540; transaction id 468
2025-11-10 23:00:48 0 [Note] InnoDB: Loading buffer pool(s) from E:\xampp\mysql\data\ib_buffer_pool
2025-11-10 23:00:48 0 [Note] Plugin 'FEEDBACK' is disabled.
2025-11-10 23:00:48 0 [Note] InnoDB: Buffer pool(s) load completed at 251110 23:00:48
2025-11-10 23:00:49 0 [Note] Server socket created on IP: '::'.
2025-11-11 12:02:06 0 [Note] Starting MariaDB 10.4.32-MariaDB source revision c4143f909528e3fab0677a28631d10389354c491 as process 4352
2025-11-11 12:02:06 0 [Note] InnoDB: Mutexes and rw_locks use Windows interlocked functions
2025-11-11 12:02:06 0 [Note] InnoDB: Uses event mutexes
2025-11-11 12:02:06 0 [Note] InnoDB: Compressed tables use zlib 1.3
2025-11-11 12:02:06 0 [Note] InnoDB: Number of pools: 1
2025-11-11 12:02:06 0 [Note] InnoDB: Using SSE2 crc32 instructions
2025-11-11 12:02:06 0 [Note] InnoDB: Initializing buffer pool, total size = 16M, instances = 1, chunk size = 16M
2025-11-11 12:02:06 0 [Note] InnoDB: Completed initialization of buffer pool
2025-11-11 12:02:07 0 [Note] InnoDB: Starting crash recovery from checkpoint LSN=435549
2025-11-11 12:02:10 0 [Note] InnoDB: 128 out of 128 rollback segments are active.
2025-11-11 12:02:10 0 [Note] InnoDB: Removed temporary tablespace data file: "ibtmp1"
2025-11-11 12:02:10 0 [Note] InnoDB: Creating shared tablespace for temporary tables
2025-11-11 12:02:10 0 [Note] InnoDB: Setting file 'E:\xampp\mysql\data\ibtmp1' size to 12 MB. Physically writing the file full; Please wait ...
2025-11-11 12:02:10 0 [Note] InnoDB: File 'E:\xampp\mysql\data\ibtmp1' size is now 12 MB.
2025-11-11 12:02:10 0 [Note] InnoDB: Waiting for purge to start
2025-11-11 12:02:10 0 [Note] InnoDB: 10.4.32 started; log sequence number 435558; transaction id 468
2025-11-11 12:02:10 0 [Note] InnoDB: Loading buffer pool(s) from E:\xampp\mysql\data\ib_buffer_pool
2025-11-11 12:02:10 0 [Note] Plugin 'FEEDBACK' is disabled.
2025-11-11 12:02:11 0 [Note] Server socket created on IP: '::'.
2025-11-12 20:00:01 0 [Note] Starting MariaDB 10.4.32-MariaDB source revision c4143f909528e3fab0677a28631d10389354c491 as process 8076
2025-11-12 20:00:02 0 [Note] InnoDB: Mutexes and rw_locks use Windows interlocked functions
2025-11-12 20:00:02 0 [Note] InnoDB: Uses event mutexes
2025-11-12 20:00:02 0 [Note] InnoDB: Compressed tables use zlib 1.3
2025-11-12 20:00:02 0 [Note] InnoDB: Number of pools: 1
2025-11-12 20:00:02 0 [Note] InnoDB: Using SSE2 crc32 instructions
2025-11-12 20:00:02 0 [Note] InnoDB: Initializing buffer pool, total size = 16M, instances = 1, chunk size = 16M
2025-11-12 20:00:02 0 [Note] InnoDB: Completed initialization of buffer pool
2025-11-12 20:00:03 0 [Note] InnoDB: Starting crash recovery from checkpoint LSN=435567
2025-11-12 20:00:07 0 [Note] InnoDB: 128 out of 128 rollback segments are active.
2025-11-12 20:00:07 0 [Note] InnoDB: Removed temporary tablespace data file: "ibtmp1"
2025-11-12 20:00:07 0 [Note] InnoDB: Creating shared tablespace for temporary tables
2025-11-12 20:00:07 0 [Note] InnoDB: Setting file 'E:\xampp\mysql\data\ibtmp1' size to 12 MB. Physically writing the file full; Please wait ...
2025-11-12 20:00:07 0 [Note] InnoDB: File 'E:\xampp\mysql\data\ibtmp1' size is now 12 MB.
2025-11-12 20:00:07 0 [Note] InnoDB: Waiting for purge to start
2025-11-12 20:00:07 0 [Note] InnoDB: Waiting for purge to start
2025-11-12 20:00:07 0 [Note] InnoDB: Waiting for purge to start
2025-11-12 20:00:07 0 [Note] InnoDB: Waiting for purge to start
2025-11-12 20:00:07 0 [Note] InnoDB: Waiting for purge to start
2025-11-12 20:00:07 0 [Note] InnoDB: 10.4.32 started; log sequence number 435576; transaction id 468
2025-11-12 20:00:07 0 [Note] InnoDB: Loading buffer pool(s) from E:\xampp\mysql\data\ib_buffer_pool
2025-11-12 20:00:07 0 [Note] Plugin 'FEEDBACK' is disabled.
2025-11-12 20:00:08 0 [Note] InnoDB: Buffer pool(s) load completed at 251112 20:00:08
2025-11-12 20:00:09 0 [Note] Server socket created on IP: '::'.
2025-11-12 20:00:09 0 [ERROR] Can't start server: Bind on TCP/IP port. Got error: 10048: Only one usage of each socket address (protocol/network address/port) is normally permitted.

2025-11-12 20:00:09 0 [ERROR] Do you already have another mysqld server running on port: 3306 ?
2025-11-12 20:00:09 0 [ERROR] Aborting
2025-11-12 20:01:00 0 [Note] Starting MariaDB 10.4.32-MariaDB source revision c4143f909528e3fab0677a28631d10389354c491 as process 756
2025-11-12 20:01:00 0 [Note] InnoDB: Mutexes and rw_locks use Windows interlocked functions
2025-11-12 20:01:00 0 [Note] InnoDB: Uses event mutexes
2025-11-12 20:01:00 0 [Note] InnoDB: Compressed tables use zlib 1.3
2025-11-12 20:01:00 0 [Note] InnoDB: Number of pools: 1
2025-11-12 20:01:00 0 [Note] InnoDB: Using SSE2 crc32 instructions
2025-11-12 20:01:00 0 [Note] InnoDB: Initializing buffer pool, total size = 16M, instances = 1, chunk size = 16M
2025-11-12 20:01:00 0 [Note] InnoDB: Completed initialization of buffer pool
2025-11-12 20:01:01 0 [Note] InnoDB: 128 out of 128 rollback segments are active.
2025-11-12 20:01:01 0 [Note] InnoDB: Creating shared tablespace for temporary tables
2025-11-12 20:01:01 0 [Note] InnoDB: Setting file 'E:\xampp\mysql\data\ibtmp1' size to 12 MB. Physically writing the file full; Please wait ...
2025-11-12 20:01:01 0 [Note] InnoDB: File 'E:\xampp\mysql\data\ibtmp1' size is now 12 MB.
2025-11-12 20:01:01 0 [Note] InnoDB: Waiting for purge to start
2025-11-12 20:01:01 0 [Note] InnoDB: 10.4.32 started; log sequence number 435594; transaction id 468
2025-11-12 20:01:01 0 [Note] InnoDB: Loading buffer pool(s) from E:\xampp\mysql\data\ib_buffer_pool
2025-11-12 20:01:01 0 [Note] Plugin 'FEEDBACK' is disabled.
2025-11-12 20:01:01 0 [Note] Server socket created on IP: '::'.
2025-11-12 20:01:01 0 [ERROR] Can't start server: Bind on TCP/IP port. Got error: 10048: Only one usage of each socket address (protocol/network address/port) is normally permitted.

2025-11-12 20:01:01 0 [ERROR] Do you already have another mysqld server running on port: 3306 ?
2025-11-12 20:01:01 0 [ERROR] Aborting
2025-11-12 20:01:25 0 [Note] Starting MariaDB 10.4.32-MariaDB source revision c4143f909528e3fab0677a28631d10389354c491 as process 10592
2025-11-12 20:01:25 0 [Note] InnoDB: Mutexes and rw_locks use Windows interlocked functions
2025-11-12 20:01:25 0 [Note] InnoDB: Uses event mutexes
2025-11-12 20:01:25 0 [Note] InnoDB: Compressed tables use zlib 1.3
2025-11-12 20:01:25 0 [Note] InnoDB: Number of pools: 1
2025-11-12 20:01:25 0 [Note] InnoDB: Using SSE2 crc32 instructions
2025-11-12 20:01:25 0 [Note] InnoDB: Initializing buffer pool, total size = 16M, instances = 1, chunk size = 16M
2025-11-12 20:01:25 0 [Note] InnoDB: Completed initialization of buffer pool
2025-11-12 20:01:25 0 [Note] InnoDB: 128 out of 128 rollback segments are active.
2025-11-12 20:01:25 0 [Note] InnoDB: Creating shared tablespace for temporary tables
2025-11-12 20:01:25 0 [Note] InnoDB: Setting file 'E:\xampp\mysql\data\ibtmp1' size to 12 MB. Physically writing the file full; Please wait ...
2025-11-12 20:01:25 0 [Note] InnoDB: File 'E:\xampp\mysql\data\ibtmp1' size is now 12 MB.
2025-11-12 20:01:25 0 [Note] InnoDB: Waiting for purge to start
2025-11-12 20:01:25 0 [Note] InnoDB: 10.4.32 started; log sequence number 435603; transaction id 468
2025-11-12 20:01:25 0 [Note] InnoDB: Loading buffer pool(s) from E:\xampp\mysql\data\ib_buffer_pool
2025-11-12 20:01:25 0 [Note] Plugin 'FEEDBACK' is disabled.
2025-11-12 20:01:25 0 [Note] Server socket created on IP: '::'.
2025-11-12 20:01:25 0 [ERROR] Can't start server: Bind on TCP/IP port. Got error: 10048: Only one usage of each socket address (protocol/network address/port) is normally permitted.

2025-11-12 20:01:25 0 [ERROR] Do you already have another mysqld server running on port: 3306 ?
2025-11-12 20:01:25 0 [ERROR] Aborting
2025-11-12 20:01:32 0 [Note] Starting MariaDB 10.4.32-MariaDB source revision c4143f909528e3fab0677a28631d10389354c491 as process 10380
2025-11-12 20:01:32 0 [Note] InnoDB: Mutexes and rw_locks use Windows interlocked functions
2025-11-12 20:01:32 0 [Note] InnoDB: Uses event mutexes
2025-11-12 20:01:32 0 [Note] InnoDB: Compressed tables use zlib 1.3
2025-11-12 20:01:32 0 [Note] InnoDB: Number of pools: 1
2025-11-12 20:01:32 0 [Note] InnoDB: Using SSE2 crc32 instructions
2025-11-12 20:01:32 0 [Note] InnoDB: Initializing buffer pool, total size = 16M, instances = 1, chunk size = 16M
2025-11-12 20:01:32 0 [Note] InnoDB: Completed initialization of buffer pool
2025-11-12 20:01:32 0 [Note] InnoDB: 128 out of 128 rollback segments are active.
2025-11-12 20:01:32 0 [Note] InnoDB: Creating shared tablespace for temporary tables
2025-11-12 20:01:32 0 [Note] InnoDB: Setting file 'E:\xampp\mysql\data\ibtmp1' size to 12 MB. Physically writing the file full; Please wait ...
2025-11-12 20:01:32 0 [Note] InnoDB: File 'E:\xampp\mysql\data\ibtmp1' size is now 12 MB.
2025-11-12 20:01:32 0 [Note] InnoDB: Waiting for purge to start
2025-11-12 20:01:32 0 [Note] InnoDB: 10.4.32 started; log sequence number 435612; transaction id 468
2025-11-12 20:01:32 0 [Note] InnoDB: Loading buffer pool(s) from E:\xampp\mysql\data\ib_buffer_pool
2025-11-12 20:01:32 0 [Note] Plugin 'FEEDBACK' is disabled.
2025-11-12 20:01:32 0 [Note] Server socket created on IP: '::'.
2025-11-12 21:59:42 0 [Note] Starting MariaDB 10.4.32-MariaDB source revision c4143f909528e3fab0677a28631d10389354c491 as process 3204
2025-11-12 21:59:42 0 [Note] InnoDB: Mutexes and rw_locks use Windows interlocked functions
2025-11-12 21:59:42 0 [Note] InnoDB: Uses event mutexes
2025-11-12 21:59:42 0 [Note] InnoDB: Compressed tables use zlib 1.3
2025-11-12 21:59:42 0 [Note] InnoDB: Number of pools: 1
2025-11-12 21:59:42 0 [Note] InnoDB: Using SSE2 crc32 instructions
2025-11-12 21:59:42 0 [Note] InnoDB: Initializing buffer pool, total size = 16M, instances = 1, chunk size = 16M
2025-11-12 21:59:42 0 [Note] InnoDB: Completed initialization of buffer pool
2025-11-12 21:59:42 0 [Note] InnoDB: Starting crash recovery from checkpoint LSN=435612
2025-11-12 21:59:42 0 [Note] InnoDB: 128 out of 128 rollback segments are active.
2025-11-12 21:59:42 0 [Note] InnoDB: Removed temporary tablespace data file: "ibtmp1"
2025-11-12 21:59:42 0 [Note] InnoDB: Creating shared tablespace for temporary tables
2025-11-12 21:59:42 0 [Note] InnoDB: Setting file 'E:\xampp\mysql\data\ibtmp1' size to 12 MB. Physically writing the file full; Please wait ...
2025-11-12 21:59:42 0 [Note] InnoDB: File 'E:\xampp\mysql\data\ibtmp1' size is now 12 MB.
2025-11-12 21:59:42 0 [Note] InnoDB: Waiting for purge to start
2025-11-12 21:59:42 0 [Note] InnoDB: 10.4.32 started; log sequence number 435621; transaction id 468
2025-11-12 21:59:42 0 [Note] InnoDB: Loading buffer pool(s) from E:\xampp\mysql\data\ib_buffer_pool
2025-11-12 21:59:42 0 [Note] Plugin 'FEEDBACK' is disabled.
2025-11-12 21:59:42 0 [Note] Server socket created on IP: '::'.
